<?xml version="1.0" encoding="UTF-8"?>
<testng-results ignored="0" total="1" passed="1" failed="0" skipped="0">
  <reporter-output>
  </reporter-output>
  <suite started-at="2023-10-19T11:48:20 PDT" name="Default suite" finished-at="2023-10-19T11:48:36 PDT" duration-ms="15386">
    <groups>
    </groups>
    <test started-at="2023-10-19T11:48:20 PDT" name="Default test" finished-at="2023-10-19T11:48:36 PDT" duration-ms="15386">
      <class name="selenium_test.Testcase">
        <test-method is-config="true" signature="launch_browser()[pri:0, instance:selenium_test.Testcase@1aafa419]" started-at="2023-10-19T11:48:20 PDT" name="launch_browser" finished-at="2023-10-19T11:48:32 PDT" duration-ms="11256" status="PASS">
          <reporter-output>
          </reporter-output>
        </test-method> <!-- launch_browser -->
        <test-method signature="add_remove_elements_test()[pri:0, instance:selenium_test.Testcase@1aafa419]" started-at="2023-10-19T11:48:32 PDT" name="add_remove_elements_test" description="add n elements and verify if n elements got added" finished-at="2023-10-19T11:48:33 PDT" duration-ms="1679" status="PASS">
          <reporter-output>
          </reporter-output>
        </test-method> <!-- add_remove_elements_test -->
        <test-method is-config="true" signature="teardown()[pri:0, instance:selenium_test.Testcase@1aafa419]" started-at="2023-10-19T11:48:33 PDT" name="teardown" finished-at="2023-10-19T11:48:36 PDT" duration-ms="2332" status="PASS">
          <reporter-output>
          </reporter-output>
        </test-method> <!-- teardown -->
      </class> <!-- selenium_test.Testcase -->
    </test> <!-- Default test -->
  </suite> <!-- Default suite -->
</testng-results>
